Looking in indexes: http://pypi-cache/index, https://pypi.ngc.nvidia.com
Looking in indexes: http://pypi-cache/index, https://pypi.ngc.nvidia.com
Looking in indexes: http://pypi-cache/index, https://pypi.ngc.nvidia.com
Looking in indexes: http://pypi-cache/index, https://pypi.ngc.nvidia.com
Collecting openmim
  Downloading http://pypi-cache/packages/00/b3/95531cee452028869d0e08974561f83e9c256c98f62c7a45a51893a61c54/openmim-0.3.9-py2.py3-none-any.whl (52 kB)
Requirement already satisfied: Click in /usr/local/lib/python3.8/dist-packages (from openmim) (8.1.3)
Requirement already satisfied: tabulate in /usr/local/lib/python3.8/dist-packages (from openmim) (0.9.0)
Collecting openmim
  Downloading http://pypi-cache/packages/00/b3/95531cee452028869d0e08974561f83e9c256c98f62c7a45a51893a61c54/openmim-0.3.9-py2.py3-none-any.whl (52 kB)
Requirement already satisfied: requests in /usr/local/lib/python3.8/dist-packages (from openmim) (2.28.1)
Collecting openmim
  Downloading http://pypi-cache/packages/00/b3/95531cee452028869d0e08974561f83e9c256c98f62c7a45a51893a61c54/openmim-0.3.9-py2.py3-none-any.whl (52 kB)
Requirement already satisfied: Click in /usr/local/lib/python3.8/dist-packages (from openmim) (8.1.3)
Collecting openmim
  Downloading http://pypi-cache/packages/00/b3/95531cee452028869d0e08974561f83e9c256c98f62c7a45a51893a61c54/openmim-0.3.9-py2.py3-none-any.whl (52 kB)
Collecting rich
  Downloading http://pypi-cache/packages/0d/9b/63f4c7ebc259242c89b3acafdb37b41d1185c07ff0011164674e9076b491/rich-14.0.0-py3-none-any.whl (243 kB)
Collecting opendatalab
  Downloading http://pypi-cache/packages/10/82/28fa3a91b7c4852fbad9ad32c7b49e4b1e212ab7ccf7296736da0935070d/opendatalab-0.0.10-py3-none-any.whl (29 kB)
Requirement already satisfied: tabulate in /usr/local/lib/python3.8/dist-packages (from openmim) (0.9.0)
Requirement already satisfied: colorama in /usr/local/lib/python3.8/dist-packages (from openmim) (0.4.6)
Requirement already satisfied: pandas in /usr/local/lib/python3.8/dist-packages (from openmim) (1.0.1)
Requirement already satisfied: requests in /usr/local/lib/python3.8/dist-packages (from openmim) (2.28.1)
Requirement already satisfied: pip>=19.3 in /usr/local/lib/python3.8/dist-packages (from openmim) (21.2.4)
Collecting rich
  Downloading http://pypi-cache/packages/0d/9b/63f4c7ebc259242c89b3acafdb37b41d1185c07ff0011164674e9076b491/rich-14.0.0-py3-none-any.whl (243 kB)
Requirement already satisfied: pandas in /usr/local/lib/python3.8/dist-packages (from openmim) (1.0.1)
Collecting model-index
  Downloading http://pypi-cache/packages/0f/a6/4d4cbbef704f186d143e2859296a610a355992e4eae71582bd598093b36a/model_index-0.1.11-py3-none-any.whl (34 kB)
Requirement already satisfied: pip>=19.3 in /usr/local/lib/python3.8/dist-packages (from openmim) (21.2.4)
Requirement already satisfied: colorama in /usr/local/lib/python3.8/dist-packages (from openmim) (0.4.6)
Collecting model-index
  Downloading http://pypi-cache/packages/0f/a6/4d4cbbef704f186d143e2859296a610a355992e4eae71582bd598093b36a/model_index-0.1.11-py3-none-any.whl (34 kB)
Requirement already satisfied: requests in /usr/local/lib/python3.8/dist-packages (from openmim) (2.28.1)
Requirement already satisfied: colorama in /usr/local/lib/python3.8/dist-packages (from openmim) (0.4.6)
Requirement already satisfied: pandas in /usr/local/lib/python3.8/dist-packages (from openmim) (1.0.1)
Collecting model-index
  Downloading http://pypi-cache/packages/0f/a6/4d4cbbef704f186d143e2859296a610a355992e4eae71582bd598093b36a/model_index-0.1.11-py3-none-any.whl (34 kB)
Collecting opendatalab
  Downloading http://pypi-cache/packages/10/82/28fa3a91b7c4852fbad9ad32c7b49e4b1e212ab7ccf7296736da0935070d/opendatalab-0.0.10-py3-none-any.whl (29 kB)
Requirement already satisfied: pip>=19.3 in /usr/local/lib/python3.8/dist-packages (from openmim) (21.2.4)
Requirement already satisfied: markdown in /usr/local/lib/python3.8/dist-packages (from model-index->openmim) (3.4.1)
Requirement already satisfied: pyyaml in /usr/local/lib/python3.8/dist-packages (from model-index->openmim) (6.0)
Collecting rich
  Downloading http://pypi-cache/packages/0d/9b/63f4c7ebc259242c89b3acafdb37b41d1185c07ff0011164674e9076b491/rich-14.0.0-py3-none-any.whl (243 kB)
Collecting model-index
  Downloading http://pypi-cache/packages/0f/a6/4d4cbbef704f186d143e2859296a610a355992e4eae71582bd598093b36a/model_index-0.1.11-py3-none-any.whl (34 kB)
Requirement already satisfied: colorama in /usr/local/lib/python3.8/dist-packages (from openmim) (0.4.6)
Requirement already satisfied: pip>=19.3 in /usr/local/lib/python3.8/dist-packages (from openmim) (21.2.4)
Requirement already satisfied: tabulate in /usr/local/lib/python3.8/dist-packages (from openmim) (0.9.0)
Collecting opendatalab
  Downloading http://pypi-cache/packages/10/82/28fa3a91b7c4852fbad9ad32c7b49e4b1e212ab7ccf7296736da0935070d/opendatalab-0.0.10-py3-none-any.whl (29 kB)
Requirement already satisfied: Click in /usr/local/lib/python3.8/dist-packages (from openmim) (8.1.3)
Requirement already satisfied: markdown in /usr/local/lib/python3.8/dist-packages (from model-index->openmim) (3.4.1)
Collecting ordered-set
  Downloading http://pypi-cache/packages/33/55/af02708f230eb77084a299d7b08175cff006dea4f2721074b92cdb0296c0/ordered_set-4.1.0-py3-none-any.whl (7.6 kB)
Requirement already satisfied: pyyaml in /usr/local/lib/python3.8/dist-packages (from model-index->openmim) (6.0)
Requirement already satisfied: markdown in /usr/local/lib/python3.8/dist-packages (from model-index->openmim) (3.4.1)
Requirement already satisfied: importlib-metadata>=4.4 in /usr/local/lib/python3.8/dist-packages (from markdown->model-index->openmim) (5.0.0)
Requirement already satisfied: zipp>=0.5 in /usr/local/lib/python3.8/dist-packages (from importlib-metadata>=4.4->markdown->model-index->openmim) (3.10.0)
Collecting opendatalab
  Downloading http://pypi-cache/packages/10/82/28fa3a91b7c4852fbad9ad32c7b49e4b1e212ab7ccf7296736da0935070d/opendatalab-0.0.10-py3-none-any.whl (29 kB)
Requirement already satisfied: tabulate in /usr/local/lib/python3.8/dist-packages (from openmim) (0.9.0)
Requirement already satisfied: requests in /usr/local/lib/python3.8/dist-packages (from openmim) (2.28.1)
Collecting ordered-set
Collecting rich
  Downloading http://pypi-cache/packages/33/55/af02708f230eb77084a299d7b08175cff006dea4f2721074b92cdb0296c0/ordered_set-4.1.0-py3-none-any.whl (7.6 kB)
  Downloading http://pypi-cache/packages/0d/9b/63f4c7ebc259242c89b3acafdb37b41d1185c07ff0011164674e9076b491/rich-14.0.0-py3-none-any.whl (243 kB)
Requirement already satisfied: importlib-metadata>=4.4 in /usr/local/lib/python3.8/dist-packages (from markdown->model-index->openmim) (5.0.0)
Requirement already satisfied: Click in /usr/local/lib/python3.8/dist-packages (from openmim) (8.1.3)
Requirement already satisfied: pandas in /usr/local/lib/python3.8/dist-packages (from openmim) (1.0.1)
Requirement already satisfied: pyyaml in /usr/local/lib/python3.8/dist-packages (from model-index->openmim) (6.0)
Requirement already satisfied: markdown in /usr/local/lib/python3.8/dist-packages (from model-index->openmim) (3.4.1)
Requirement already satisfied: zipp>=0.5 in /usr/local/lib/python3.8/dist-packages (from importlib-metadata>=4.4->markdown->model-index->openmim) (3.10.0)
Collecting ordered-set
  Downloading http://pypi-cache/packages/33/55/af02708f230eb77084a299d7b08175cff006dea4f2721074b92cdb0296c0/ordered_set-4.1.0-py3-none-any.whl (7.6 kB)
Requirement already satisfied: importlib-metadata>=4.4 in /usr/local/lib/python3.8/dist-packages (from markdown->model-index->openmim) (5.0.0)
Requirement already satisfied: zipp>=0.5 in /usr/local/lib/python3.8/dist-packages (from importlib-metadata>=4.4->markdown->model-index->openmim) (3.10.0)
Collecting ordered-set
  Downloading http://pypi-cache/packages/33/55/af02708f230eb77084a299d7b08175cff006dea4f2721074b92cdb0296c0/ordered_set-4.1.0-py3-none-any.whl (7.6 kB)
Requirement already satisfied: pyyaml in /usr/local/lib/python3.8/dist-packages (from model-index->openmim) (6.0)
Requirement already satisfied: importlib-metadata>=4.4 in /usr/local/lib/python3.8/dist-packages (from markdown->model-index->openmim) (5.0.0)
Requirement already satisfied: zipp>=0.5 in /usr/local/lib/python3.8/dist-packages (from importlib-metadata>=4.4->markdown->model-index->openmim) (3.10.0)
Collecting pycryptodome
  Downloading http://pypi-cache/packages/5f/e9/a09476d436d0ff1402ac3867d933c61805ec2326c6ea557aeeac3825604e/pycryptodome-3.23.0-cp37-abi3-manylinux_2_17_x86_64.manylinux2014_x86_64.whl (2.3 MB)
Collecting pycryptodome
  Downloading http://pypi-cache/packages/5f/e9/a09476d436d0ff1402ac3867d933c61805ec2326c6ea557aeeac3825604e/pycryptodome-3.23.0-cp37-abi3-manylinux_2_17_x86_64.manylinux2014_x86_64.whl (2.3 MB)
Collecting pycryptodome
  Downloading http://pypi-cache/packages/5f/e9/a09476d436d0ff1402ac3867d933c61805ec2326c6ea557aeeac3825604e/pycryptodome-3.23.0-cp37-abi3-manylinux_2_17_x86_64.manylinux2014_x86_64.whl (2.3 MB)
Collecting pycryptodome
  Downloading http://pypi-cache/packages/5f/e9/a09476d436d0ff1402ac3867d933c61805ec2326c6ea557aeeac3825604e/pycryptodome-3.23.0-cp37-abi3-manylinux_2_17_x86_64.manylinux2014_x86_64.whl (2.3 MB)
Collecting openxlab
  Downloading http://pypi-cache/packages/f6/44/72835f891368287cb4d297165a48f00a1f3b9c6b05f2cda759d6fe505ead/openxlab-0.1.2-py3-none-any.whl (311 kB)
Requirement already satisfied: tqdm in /usr/local/lib/python3.8/dist-packages (from opendatalab->openmim) (4.64.1)
Requirement already satisfied: idna<4,>=2.5 in /usr/local/lib/python3.8/dist-packages (from requests->openmim) (3.4)
Requirement already satisfied: urllib3<1.27,>=1.21.1 in /usr/local/lib/python3.8/dist-packages (from requests->openmim) (1.26.12)
Requirement already satisfied: certifi>=2017.4.17 in /usr/local/lib/python3.8/dist-packages (from requests->openmim) (2022.9.24)
Requirement already satisfied: charset-normalizer<3,>=2 in /usr/local/lib/python3.8/dist-packages (from requests->openmim) (2.1.1)
Collecting openxlab
  Downloading http://pypi-cache/packages/f6/44/72835f891368287cb4d297165a48f00a1f3b9c6b05f2cda759d6fe505ead/openxlab-0.1.2-py3-none-any.whl (311 kB)
Requirement already satisfied: tqdm in /usr/local/lib/python3.8/dist-packages (from opendatalab->openmim) (4.64.1)
Requirement already satisfied: charset-normalizer<3,>=2 in /usr/local/lib/python3.8/dist-packages (from requests->openmim) (2.1.1)
Requirement already satisfied: idna<4,>=2.5 in /usr/local/lib/python3.8/dist-packages (from requests->openmim) (3.4)
Requirement already satisfied: certifi>=2017.4.17 in /usr/local/lib/python3.8/dist-packages (from requests->openmim) (2022.9.24)
Requirement already satisfied: urllib3<1.27,>=1.21.1 in /usr/local/lib/python3.8/dist-packages (from requests->openmim) (1.26.12)
Collecting openxlab
  Downloading http://pypi-cache/packages/f6/44/72835f891368287cb4d297165a48f00a1f3b9c6b05f2cda759d6fe505ead/openxlab-0.1.2-py3-none-any.whl (311 kB)
Requirement already satisfied: tqdm in /usr/local/lib/python3.8/dist-packages (from opendatalab->openmim) (4.64.1)
Requirement already satisfied: charset-normalizer<3,>=2 in /usr/local/lib/python3.8/dist-packages (from requests->openmim) (2.1.1)
Requirement already satisfied: certifi>=2017.4.17 in /usr/local/lib/python3.8/dist-packages (from requests->openmim) (2022.9.24)
Requirement already satisfied: idna<4,>=2.5 in /usr/local/lib/python3.8/dist-packages (from requests->openmim) (3.4)
Requirement already satisfied: urllib3<1.27,>=1.21.1 in /usr/local/lib/python3.8/dist-packages (from requests->openmim) (1.26.12)
Collecting openxlab
Collecting packaging~=24.0
  Downloading http://pypi-cache/packages/f6/44/72835f891368287cb4d297165a48f00a1f3b9c6b05f2cda759d6fe505ead/openxlab-0.1.2-py3-none-any.whl (311 kB)
  Downloading http://pypi-cache/packages/88/ef/eb23f262cca3c0c4eb7ab1933c3b1f03d021f2c48f54763065b6f0e321be/packaging-24.2-py3-none-any.whl (65 kB)
Requirement already satisfied: tqdm in /usr/local/lib/python3.8/dist-packages (from opendatalab->openmim) (4.64.1)
Requirement already satisfied: charset-normalizer<3,>=2 in /usr/local/lib/python3.8/dist-packages (from requests->openmim) (2.1.1)
Requirement already satisfied: idna<4,>=2.5 in /usr/local/lib/python3.8/dist-packages (from requests->openmim) (3.4)
Requirement already satisfied: certifi>=2017.4.17 in /usr/local/lib/python3.8/dist-packages (from requests->openmim) (2022.9.24)
Requirement already satisfied: urllib3<1.27,>=1.21.1 in /usr/local/lib/python3.8/dist-packages (from requests->openmim) (1.26.12)
Collecting rich
  Downloading http://pypi-cache/packages/fc/1e/482e5eec0b89b593e81d78f819a9412849814e22225842b598908e7ac560/rich-13.4.2-py3-none-any.whl (239 kB)
Collecting packaging~=24.0
  Downloading http://pypi-cache/packages/88/ef/eb23f262cca3c0c4eb7ab1933c3b1f03d021f2c48f54763065b6f0e321be/packaging-24.2-py3-none-any.whl (65 kB)
Collecting setuptools~=60.2.0
  Downloading http://pypi-cache/packages/8e/16/8f64922c8d7cd7ec193b145c9b11ad281064ff8604452ba19a6d5bbd7ed9/setuptools-60.2.0-py3-none-any.whl (953 kB)
Collecting setuptools~=60.2.0
  Downloading http://pypi-cache/packages/8e/16/8f64922c8d7cd7ec193b145c9b11ad281064ff8604452ba19a6d5bbd7ed9/setuptools-60.2.0-py3-none-any.whl (953 kB)
Collecting filelock~=3.14.0
  Downloading http://pypi-cache/packages/41/24/0b023b6537dfc9bae2c779353998e3e99ac7dfff4222fc6126650e93c3f3/filelock-3.14.0-py3-none-any.whl (12 kB)
Collecting pytz~=2023.3
  Downloading http://pypi-cache/packages/3b/dd/9b84302ba85ac6d3d3042d3e8698374838bde1c386b4adb1223d7a0efd4e/pytz-2023.4-py2.py3-none-any.whl (506 kB)
Collecting requests
  Downloading http://pypi-cache/packages/d2/f4/274d1dbe96b41cf4e0efb70cbced278ffd61b5c7bb70338b62af94ccb25b/requests-2.28.2-py3-none-any.whl (62 kB)
Collecting filelock~=3.14.0
  Downloading http://pypi-cache/packages/41/24/0b023b6537dfc9bae2c779353998e3e99ac7dfff4222fc6126650e93c3f3/filelock-3.14.0-py3-none-any.whl (12 kB)
Collecting pytz~=2023.3
  Downloading http://pypi-cache/packages/3b/dd/9b84302ba85ac6d3d3042d3e8698374838bde1c386b4adb1223d7a0efd4e/pytz-2023.4-py2.py3-none-any.whl (506 kB)
Collecting packaging~=24.0
  Downloading http://pypi-cache/packages/88/ef/eb23f262cca3c0c4eb7ab1933c3b1f03d021f2c48f54763065b6f0e321be/packaging-24.2-py3-none-any.whl (65 kB)
Collecting setuptools~=60.2.0
  Downloading http://pypi-cache/packages/8e/16/8f64922c8d7cd7ec193b145c9b11ad281064ff8604452ba19a6d5bbd7ed9/setuptools-60.2.0-py3-none-any.whl (953 kB)
Collecting filelock~=3.14.0
  Downloading http://pypi-cache/packages/41/24/0b023b6537dfc9bae2c779353998e3e99ac7dfff4222fc6126650e93c3f3/filelock-3.14.0-py3-none-any.whl (12 kB)
Collecting tqdm
  Downloading http://pypi-cache/packages/c0/ab/bd9ba7f84c509c8b377628bc66696d52623e30c6c0830db3c78748eec4b4/tqdm-4.65.2-py3-none-any.whl (77 kB)
Collecting tqdm
  Downloading http://pypi-cache/packages/c0/ab/bd9ba7f84c509c8b377628bc66696d52623e30c6c0830db3c78748eec4b4/tqdm-4.65.2-py3-none-any.whl (77 kB)
Collecting rich
  Downloading http://pypi-cache/packages/fc/1e/482e5eec0b89b593e81d78f819a9412849814e22225842b598908e7ac560/rich-13.4.2-py3-none-any.whl (239 kB)
Collecting pytz~=2023.3
  Downloading http://pypi-cache/packages/3b/dd/9b84302ba85ac6d3d3042d3e8698374838bde1c386b4adb1223d7a0efd4e/pytz-2023.4-py2.py3-none-any.whl (506 kB)
Collecting pytz~=2023.3
  Downloading http://pypi-cache/packages/3b/dd/9b84302ba85ac6d3d3042d3e8698374838bde1c386b4adb1223d7a0efd4e/pytz-2023.4-py2.py3-none-any.whl (506 kB)
Collecting requests
  Downloading http://pypi-cache/packages/d2/f4/274d1dbe96b41cf4e0efb70cbced278ffd61b5c7bb70338b62af94ccb25b/requests-2.28.2-py3-none-any.whl (62 kB)
Collecting tqdm
  Downloading http://pypi-cache/packages/c0/ab/bd9ba7f84c509c8b377628bc66696d52623e30c6c0830db3c78748eec4b4/tqdm-4.65.2-py3-none-any.whl (77 kB)
Collecting requests
  Downloading http://pypi-cache/packages/d2/f4/274d1dbe96b41cf4e0efb70cbced278ffd61b5c7bb70338b62af94ccb25b/requests-2.28.2-py3-none-any.whl (62 kB)
Collecting setuptools~=60.2.0
  Downloading http://pypi-cache/packages/8e/16/8f64922c8d7cd7ec193b145c9b11ad281064ff8604452ba19a6d5bbd7ed9/setuptools-60.2.0-py3-none-any.whl (953 kB)
Collecting oss2~=2.17.0
  Downloading http://pypi-cache/packages/86/e7/017f8a5948d70e130815eebd14c25dfad916bd574590f2d7e046f19eee3f/oss2-2.17.0.tar.gz (259 kB)
Collecting oss2~=2.17.0
  Downloading http://pypi-cache/packages/86/e7/017f8a5948d70e130815eebd14c25dfad916bd574590f2d7e046f19eee3f/oss2-2.17.0.tar.gz (259 kB)
Collecting filelock~=3.14.0
  Downloading http://pypi-cache/packages/41/24/0b023b6537dfc9bae2c779353998e3e99ac7dfff4222fc6126650e93c3f3/filelock-3.14.0-py3-none-any.whl (12 kB)
Collecting rich
  Downloading http://pypi-cache/packages/fc/1e/482e5eec0b89b593e81d78f819a9412849814e22225842b598908e7ac560/rich-13.4.2-py3-none-any.whl (239 kB)
Collecting requests
  Downloading http://pypi-cache/packages/d2/f4/274d1dbe96b41cf4e0efb70cbced278ffd61b5c7bb70338b62af94ccb25b/requests-2.28.2-py3-none-any.whl (62 kB)
Collecting oss2~=2.17.0
  Downloading http://pypi-cache/packages/86/e7/017f8a5948d70e130815eebd14c25dfad916bd574590f2d7e046f19eee3f/oss2-2.17.0.tar.gz (259 kB)
Collecting oss2~=2.17.0
  Downloading http://pypi-cache/packages/86/e7/017f8a5948d70e130815eebd14c25dfad916bd574590f2d7e046f19eee3f/oss2-2.17.0.tar.gz (259 kB)
Collecting packaging~=24.0
  Downloading http://pypi-cache/packages/88/ef/eb23f262cca3c0c4eb7ab1933c3b1f03d021f2c48f54763065b6f0e321be/packaging-24.2-py3-none-any.whl (65 kB)
Collecting rich
  Downloading http://pypi-cache/packages/fc/1e/482e5eec0b89b593e81d78f819a9412849814e22225842b598908e7ac560/rich-13.4.2-py3-none-any.whl (239 kB)
Collecting tqdm
  Downloading http://pypi-cache/packages/c0/ab/bd9ba7f84c509c8b377628bc66696d52623e30c6c0830db3c78748eec4b4/tqdm-4.65.2-py3-none-any.whl (77 kB)
Collecting crcmod>=1.7
  Downloading http://pypi-cache/packages/6b/b0/e595ce2a2527e169c3bcd6c33d2473c1918e0b7f6826a043ca1245dd4e5b/crcmod-1.7.tar.gz (89 kB)
Collecting crcmod>=1.7
  Downloading http://pypi-cache/packages/6b/b0/e595ce2a2527e169c3bcd6c33d2473c1918e0b7f6826a043ca1245dd4e5b/crcmod-1.7.tar.gz (89 kB)
Collecting crcmod>=1.7
  Downloading http://pypi-cache/packages/6b/b0/e595ce2a2527e169c3bcd6c33d2473c1918e0b7f6826a043ca1245dd4e5b/crcmod-1.7.tar.gz (89 kB)
Collecting crcmod>=1.7
  Downloading http://pypi-cache/packages/6b/b0/e595ce2a2527e169c3bcd6c33d2473c1918e0b7f6826a043ca1245dd4e5b/crcmod-1.7.tar.gz (89 kB)
Collecting aliyun-python-sdk-kms>=2.4.1
  Downloading http://pypi-cache/packages/11/5c/0132193d7da2c735669a1ed103b142fd63c9455984d48c5a88a1a516efaa/aliyun_python_sdk_kms-2.16.5-py2.py3-none-any.whl (99 kB)
Collecting aliyun-python-sdk-kms>=2.4.1
  Downloading http://pypi-cache/packages/11/5c/0132193d7da2c735669a1ed103b142fd63c9455984d48c5a88a1a516efaa/aliyun_python_sdk_kms-2.16.5-py2.py3-none-any.whl (99 kB)
Collecting aliyun-python-sdk-kms>=2.4.1
  Downloading http://pypi-cache/packages/11/5c/0132193d7da2c735669a1ed103b142fd63c9455984d48c5a88a1a516efaa/aliyun_python_sdk_kms-2.16.5-py2.py3-none-any.whl (99 kB)
Collecting aliyun-python-sdk-kms>=2.4.1
  Downloading http://pypi-cache/packages/11/5c/0132193d7da2c735669a1ed103b142fd63c9455984d48c5a88a1a516efaa/aliyun_python_sdk_kms-2.16.5-py2.py3-none-any.whl (99 kB)
Collecting aliyun-python-sdk-core>=2.13.12
  Downloading http://pypi-cache/packages/3e/09/da9f58eb38b4fdb97ba6523274fbf445ef6a06be64b433693da8307b4bec/aliyun-python-sdk-core-2.16.0.tar.gz (449 kB)
Collecting aliyun-python-sdk-core>=2.13.12
  Downloading http://pypi-cache/packages/3e/09/da9f58eb38b4fdb97ba6523274fbf445ef6a06be64b433693da8307b4bec/aliyun-python-sdk-core-2.16.0.tar.gz (449 kB)
Requirement already satisfied: six in /usr/local/lib/python3.8/dist-packages (from oss2~=2.17.0->openxlab->opendatalab->openmim) (1.13.0)
Collecting aliyun-python-sdk-core>=2.13.12
  Downloading http://pypi-cache/packages/3e/09/da9f58eb38b4fdb97ba6523274fbf445ef6a06be64b433693da8307b4bec/aliyun-python-sdk-core-2.16.0.tar.gz (449 kB)
Requirement already satisfied: six in /usr/local/lib/python3.8/dist-packages (from oss2~=2.17.0->openxlab->opendatalab->openmim) (1.13.0)
Collecting jmespath<1.0.0,>=0.9.3
  Downloading http://pypi-cache/packages/07/cb/5f001272b6faeb23c1c9e0acc04d48eaaf5c862c17709d20e3469c6e0139/jmespath-0.10.0-py2.py3-none-any.whl (24 kB)
Collecting aliyun-python-sdk-core>=2.13.12
  Downloading http://pypi-cache/packages/3e/09/da9f58eb38b4fdb97ba6523274fbf445ef6a06be64b433693da8307b4bec/aliyun-python-sdk-core-2.16.0.tar.gz (449 kB)
Requirement already satisfied: six in /usr/local/lib/python3.8/dist-packages (from oss2~=2.17.0->openxlab->opendatalab->openmim) (1.13.0)
Collecting jmespath<1.0.0,>=0.9.3
  Downloading http://pypi-cache/packages/07/cb/5f001272b6faeb23c1c9e0acc04d48eaaf5c862c17709d20e3469c6e0139/jmespath-0.10.0-py2.py3-none-any.whl (24 kB)
Requirement already satisfied: six in /usr/local/lib/python3.8/dist-packages (from oss2~=2.17.0->openxlab->opendatalab->openmim) (1.13.0)
Collecting jmespath<1.0.0,>=0.9.3
  Downloading http://pypi-cache/packages/07/cb/5f001272b6faeb23c1c9e0acc04d48eaaf5c862c17709d20e3469c6e0139/jmespath-0.10.0-py2.py3-none-any.whl (24 kB)
Collecting jmespath<1.0.0,>=0.9.3
  Downloading http://pypi-cache/packages/07/cb/5f001272b6faeb23c1c9e0acc04d48eaaf5c862c17709d20e3469c6e0139/jmespath-0.10.0-py2.py3-none-any.whl (24 kB)
Collecting cryptography>=3.0.0
  Downloading http://pypi-cache/packages/7f/e3/57b010282346980475e77d414080acdcb3dab9a0be63071efc2041a2c6bd/cryptography-45.0.4-cp37-abi3-manylinux_2_28_x86_64.whl (4.5 MB)
Requirement already satisfied: cffi>=1.14 in /usr/local/lib/python3.8/dist-packages (from cryptography>=3.0.0->aliyun-python-sdk-core>=2.13.12->oss2~=2.17.0->openxlab->opendatalab->openmim) (1.15.1)
Requirement already satisfied: pycparser in /usr/local/lib/python3.8/dist-packages (from cffi>=1.14->cryptography>=3.0.0->aliyun-python-sdk-core>=2.13.12->oss2~=2.17.0->openxlab->opendatalab->openmim) (2.21)
Requirement already satisfied: pygments<3.0.0,>=2.13.0 in /usr/local/lib/python3.8/dist-packages (from rich->openmim) (2.13.0)
Requirement already satisfied: typing-extensions<5.0,>=4.0.0 in /usr/local/lib/python3.8/dist-packages (from rich->openmim) (4.4.0)
Collecting cryptography>=3.0.0
  Downloading http://pypi-cache/packages/7f/e3/57b010282346980475e77d414080acdcb3dab9a0be63071efc2041a2c6bd/cryptography-45.0.4-cp37-abi3-manylinux_2_28_x86_64.whl (4.5 MB)
Requirement already satisfied: cffi>=1.14 in /usr/local/lib/python3.8/dist-packages (from cryptography>=3.0.0->aliyun-python-sdk-core>=2.13.12->oss2~=2.17.0->openxlab->opendatalab->openmim) (1.15.1)
Requirement already satisfied: pycparser in /usr/local/lib/python3.8/dist-packages (from cffi>=1.14->cryptography>=3.0.0->aliyun-python-sdk-core>=2.13.12->oss2~=2.17.0->openxlab->opendatalab->openmim) (2.21)
Collecting cryptography>=3.0.0
  Downloading http://pypi-cache/packages/7f/e3/57b010282346980475e77d414080acdcb3dab9a0be63071efc2041a2c6bd/cryptography-45.0.4-cp37-abi3-manylinux_2_28_x86_64.whl (4.5 MB)
Requirement already satisfied: cffi>=1.14 in /usr/local/lib/python3.8/dist-packages (from cryptography>=3.0.0->aliyun-python-sdk-core>=2.13.12->oss2~=2.17.0->openxlab->opendatalab->openmim) (1.15.1)
Requirement already satisfied: pycparser in /usr/local/lib/python3.8/dist-packages (from cffi>=1.14->cryptography>=3.0.0->aliyun-python-sdk-core>=2.13.12->oss2~=2.17.0->openxlab->opendatalab->openmim) (2.21)
Requirement already satisfied: pygments<3.0.0,>=2.13.0 in /usr/local/lib/python3.8/dist-packages (from rich->openmim) (2.13.0)
Requirement already satisfied: typing-extensions<5.0,>=4.0.0 in /usr/local/lib/python3.8/dist-packages (from rich->openmim) (4.4.0)
Collecting cryptography>=3.0.0
Collecting markdown-it-py>=2.2.0
  Downloading http://pypi-cache/packages/7f/e3/57b010282346980475e77d414080acdcb3dab9a0be63071efc2041a2c6bd/cryptography-45.0.4-cp37-abi3-manylinux_2_28_x86_64.whl (4.5 MB)
  Downloading http://pypi-cache/packages/42/d7/1ec15b46af6af88f19b8e5ffea08fa375d433c998b8a7639e76935c14f1f/markdown_it_py-3.0.0-py3-none-any.whl (87 kB)
Requirement already satisfied: mdurl~=0.1 in /usr/local/lib/python3.8/dist-packages (from markdown-it-py>=2.2.0->rich->openmim) (0.1.2)
Requirement already satisfied: cffi>=1.14 in /usr/local/lib/python3.8/dist-packages (from cryptography>=3.0.0->aliyun-python-sdk-core>=2.13.12->oss2~=2.17.0->openxlab->opendatalab->openmim) (1.15.1)
Requirement already satisfied: pycparser in /usr/local/lib/python3.8/dist-packages (from cffi>=1.14->cryptography>=3.0.0->aliyun-python-sdk-core>=2.13.12->oss2~=2.17.0->openxlab->opendatalab->openmim) (2.21)
Requirement already satisfied: python-dateutil>=2.6.1 in /usr/local/lib/python3.8/dist-packages (from pandas->openmim) (2.8.1)
Requirement already satisfied: numpy>=1.13.3 in /usr/local/lib/python3.8/dist-packages (from pandas->openmim) (1.16.5)
Requirement already satisfied: pygments<3.0.0,>=2.13.0 in /usr/local/lib/python3.8/dist-packages (from rich->openmim) (2.13.0)
Requirement already satisfied: typing-extensions<5.0,>=4.0.0 in /usr/local/lib/python3.8/dist-packages (from rich->openmim) (4.4.0)
Building wheels for collected packages: oss2, aliyun-python-sdk-core, crcmod
  Building wheel for oss2 (setup.py): started
Collecting markdown-it-py>=2.2.0
  Downloading http://pypi-cache/packages/42/d7/1ec15b46af6af88f19b8e5ffea08fa375d433c998b8a7639e76935c14f1f/markdown_it_py-3.0.0-py3-none-any.whl (87 kB)
Requirement already satisfied: mdurl~=0.1 in /usr/local/lib/python3.8/dist-packages (from markdown-it-py>=2.2.0->rich->openmim) (0.1.2)
Requirement already satisfied: numpy>=1.13.3 in /usr/local/lib/python3.8/dist-packages (from pandas->openmim) (1.16.5)
Requirement already satisfied: python-dateutil>=2.6.1 in /usr/local/lib/python3.8/dist-packages (from pandas->openmim) (2.8.1)
Building wheels for collected packages: oss2, aliyun-python-sdk-core, crcmod
  Building wheel for oss2 (setup.py): started
  Building wheel for oss2 (setup.py): finished with status 'done'
  Created wheel for oss2: filename=oss2-2.17.0-py3-none-any.whl size=112394 sha256=2d7d3860c054d8fa510708a5e613dea10dfd029dc64c92cfb6ccc5e063a8c721
  Stored in directory: /tmp/pip-ephem-wheel-cache-13sxrhzi/wheels/16/60/dd/f483176ae17472797e51ec6b55900c4b38f898d3fd2995086b
  Building wheel for aliyun-python-sdk-core (setup.py): started
Collecting markdown-it-py>=2.2.0
  Downloading http://pypi-cache/packages/42/d7/1ec15b46af6af88f19b8e5ffea08fa375d433c998b8a7639e76935c14f1f/markdown_it_py-3.0.0-py3-none-any.whl (87 kB)
Requirement already satisfied: typing-extensions<5.0,>=4.0.0 in /usr/local/lib/python3.8/dist-packages (from rich->openmim) (4.4.0)
Requirement already satisfied: pygments<3.0.0,>=2.13.0 in /usr/local/lib/python3.8/dist-packages (from rich->openmim) (2.13.0)
Requirement already satisfied: mdurl~=0.1 in /usr/local/lib/python3.8/dist-packages (from markdown-it-py>=2.2.0->rich->openmim) (0.1.2)
Requirement already satisfied: numpy>=1.13.3 in /usr/local/lib/python3.8/dist-packages (from pandas->openmim) (1.16.5)
Requirement already satisfied: python-dateutil>=2.6.1 in /usr/local/lib/python3.8/dist-packages (from pandas->openmim) (2.8.1)
Building wheels for collected packages: oss2, aliyun-python-sdk-core, crcmod
  Building wheel for oss2 (setup.py): started
  Building wheel for oss2 (setup.py): finished with status 'done'
  Created wheel for oss2: filename=oss2-2.17.0-py3-none-any.whl size=112394 sha256=2d7d3860c054d8fa510708a5e613dea10dfd029dc64c92cfb6ccc5e063a8c721
  Stored in directory: /tmp/pip-ephem-wheel-cache-c16_19_a/wheels/16/60/dd/f483176ae17472797e51ec6b55900c4b38f898d3fd2995086b
  Building wheel for aliyun-python-sdk-core (setup.py): started
  Building wheel for aliyun-python-sdk-core (setup.py): finished with status 'done'
  Created wheel for aliyun-python-sdk-core: filename=aliyun_python_sdk_core-2.16.0-py3-none-any.whl size=535327 sha256=0578e4cc02e0cf56f161a21fff0eca92abe7b88febfb8c6bac78db8647f188f4
  Stored in directory: /tmp/pip-ephem-wheel-cache-13sxrhzi/wheels/17/79/4e/5bbfa738da011934e630500e895eea53ea3b1348a6e2fae541
  Building wheel for crcmod (setup.py): started
Collecting markdown-it-py>=2.2.0
  Downloading http://pypi-cache/packages/42/d7/1ec15b46af6af88f19b8e5ffea08fa375d433c998b8a7639e76935c14f1f/markdown_it_py-3.0.0-py3-none-any.whl (87 kB)
Requirement already satisfied: mdurl~=0.1 in /usr/local/lib/python3.8/dist-packages (from markdown-it-py>=2.2.0->rich->openmim) (0.1.2)
Requirement already satisfied: numpy>=1.13.3 in /usr/local/lib/python3.8/dist-packages (from pandas->openmim) (1.16.5)
Requirement already satisfied: python-dateutil>=2.6.1 in /usr/local/lib/python3.8/dist-packages (from pandas->openmim) (2.8.1)
  Building wheel for oss2 (setup.py): finished with status 'done'
  Created wheel for oss2: filename=oss2-2.17.0-py3-none-any.whl size=112394 sha256=2d7d3860c054d8fa510708a5e613dea10dfd029dc64c92cfb6ccc5e063a8c721
  Stored in directory: /tmp/pip-ephem-wheel-cache-9cg9jsik/wheels/16/60/dd/f483176ae17472797e51ec6b55900c4b38f898d3fd2995086b
  Building wheel for aliyun-python-sdk-core (setup.py): started
Building wheels for collected packages: oss2, aliyun-python-sdk-core, crcmod
  Building wheel for oss2 (setup.py): started
  Building wheel for aliyun-python-sdk-core (setup.py): finished with status 'done'
  Created wheel for aliyun-python-sdk-core: filename=aliyun_python_sdk_core-2.16.0-py3-none-any.whl size=535327 sha256=0578e4cc02e0cf56f161a21fff0eca92abe7b88febfb8c6bac78db8647f188f4
  Stored in directory: /tmp/pip-ephem-wheel-cache-c16_19_a/wheels/17/79/4e/5bbfa738da011934e630500e895eea53ea3b1348a6e2fae541
  Building wheel for crcmod (setup.py): started
  Building wheel for crcmod (setup.py): finished with status 'done'
  Created wheel for crcmod: filename=crcmod-1.7-cp38-cp38-linux_x86_64.whl size=36034 sha256=0d1f01d2c7b2750eb5bedb794fc78bdfdc7244f4344492fb05564dd42190ac58
  Stored in directory: /tmp/pip-ephem-wheel-cache-13sxrhzi/wheels/f1/98/2f/b4b0edef5ce26a98095255b9a0ef1d472dfddb6f6e2be2933b
Successfully built oss2 aliyun-python-sdk-core crcmod
  Building wheel for oss2 (setup.py): finished with status 'done'
  Created wheel for oss2: filename=oss2-2.17.0-py3-none-any.whl size=112394 sha256=2d7d3860c054d8fa510708a5e613dea10dfd029dc64c92cfb6ccc5e063a8c721
  Stored in directory: /tmp/pip-ephem-wheel-cache-h_lzgh9l/wheels/16/60/dd/f483176ae17472797e51ec6b55900c4b38f898d3fd2995086b
  Building wheel for aliyun-python-sdk-core (setup.py): started
  Building wheel for aliyun-python-sdk-core (setup.py): finished with status 'done'
  Created wheel for aliyun-python-sdk-core: filename=aliyun_python_sdk_core-2.16.0-py3-none-any.whl size=535327 sha256=0578e4cc02e0cf56f161a21fff0eca92abe7b88febfb8c6bac78db8647f188f4
  Stored in directory: /tmp/pip-ephem-wheel-cache-9cg9jsik/wheels/17/79/4e/5bbfa738da011934e630500e895eea53ea3b1348a6e2fae541
  Building wheel for crcmod (setup.py): started
  Building wheel for crcmod (setup.py): finished with status 'done'
  Created wheel for crcmod: filename=crcmod-1.7-cp38-cp38-linux_x86_64.whl size=36030 sha256=f0df07ccba98c51beedad9fa8d6f77686c119142538c10023b284d4de2a60b11
  Stored in directory: /tmp/pip-ephem-wheel-cache-c16_19_a/wheels/f1/98/2f/b4b0edef5ce26a98095255b9a0ef1d472dfddb6f6e2be2933b
Successfully built oss2 aliyun-python-sdk-core crcmod
  Building wheel for aliyun-python-sdk-core (setup.py): finished with status 'done'
  Created wheel for aliyun-python-sdk-core: filename=aliyun_python_sdk_core-2.16.0-py3-none-any.whl size=535327 sha256=0578e4cc02e0cf56f161a21fff0eca92abe7b88febfb8c6bac78db8647f188f4
  Stored in directory: /tmp/pip-ephem-wheel-cache-h_lzgh9l/wheels/17/79/4e/5bbfa738da011934e630500e895eea53ea3b1348a6e2fae541
  Building wheel for crcmod (setup.py): started
  Building wheel for crcmod (setup.py): finished with status 'done'
  Created wheel for crcmod: filename=crcmod-1.7-cp38-cp38-linux_x86_64.whl size=36028 sha256=de2723c22250754bcd816489c4ae727fb777b245d309374efe9617dcc311b602
  Stored in directory: /tmp/pip-ephem-wheel-cache-9cg9jsik/wheels/f1/98/2f/b4b0edef5ce26a98095255b9a0ef1d472dfddb6f6e2be2933b
Successfully built oss2 aliyun-python-sdk-core crcmod
  Building wheel for crcmod (setup.py): finished with status 'done'
  Created wheel for crcmod: filename=crcmod-1.7-cp38-cp38-linux_x86_64.whl size=36040 sha256=e5cee5cb67a9f8aac086f2784634f0390727a2c5d2df6cee95a5d1cd95dc5435
  Stored in directory: /tmp/pip-ephem-wheel-cache-h_lzgh9l/wheels/f1/98/2f/b4b0edef5ce26a98095255b9a0ef1d472dfddb6f6e2be2933b
Successfully built oss2 aliyun-python-sdk-core crcmod
Installing collected packages: jmespath, cryptography, aliyun-python-sdk-core, requests, pycryptodome, markdown-it-py, crcmod, aliyun-python-sdk-kms, tqdm, setuptools, rich, pytz, packaging, oss2, filelock, ordered-set, openxlab, opendatalab, model-index, openmim
Installing collected packages: jmespath, cryptography, aliyun-python-sdk-core, requests, pycryptodome, markdown-it-py, crcmod, aliyun-python-sdk-kms, tqdm, setuptools, rich, pytz, packaging, oss2, filelock, ordered-set, openxlab, opendatalab, model-index, openmim
  Attempting uninstall: requests
    Found existing installation: requests 2.28.1
    Uninstalling requests-2.28.1:
      Successfully uninstalled requests-2.28.1
  Attempting uninstall: requests
    Found existing installation: requests 2.28.1
    Can't uninstall 'requests'. No files were found to uninstall.
Installing collected packages: jmespath, cryptography, aliyun-python-sdk-core, requests, pycryptodome, markdown-it-py, crcmod, aliyun-python-sdk-kms, tqdm, setuptools, rich, pytz, packaging, oss2, filelock, ordered-set, openxlab, opendatalab, model-index, openmim
  Attempting uninstall: markdown-it-py
    Found existing installation: markdown-it-py 2.1.0
    Uninstalling markdown-it-py-2.1.0:
      Successfully uninstalled markdown-it-py-2.1.0
  Attempting uninstall: tqdm
    Found existing installation: tqdm 4.64.1
    Uninstalling tqdm-4.64.1:
      Successfully uninstalled tqdm-4.64.1
  Attempting uninstall: setuptools
    Found existing installation: setuptools 59.5.0
    Uninstalling setuptools-59.5.0:
Installing collected packages: jmespath, cryptography, aliyun-python-sdk-core, requests, pycryptodome, markdown-it-py, crcmod, aliyun-python-sdk-kms, tqdm, setuptools, rich, pytz, packaging, oss2, filelock, ordered-set, openxlab, opendatalab, model-index, openmim
  Attempting uninstall: markdown-it-py
  Attempting uninstall: requests
    Found existing installation: requests 2.28.1
    Found existing installation: markdown-it-py 2.1.0
    Can't uninstall 'requests'. No files were found to uninstall.
    Can't uninstall 'markdown-it-py'. No files were found to uninstall.
  Attempting uninstall: tqdm
    Found existing installation: tqdm 4.64.1
    Can't uninstall 'tqdm'. No files were found to uninstall.
  Attempting uninstall: setuptools
    Found existing installation: setuptools 59.5.0
    Uninstalling setuptools-59.5.0:
      Successfully uninstalled setuptools-59.5.0
  Attempting uninstall: requests
    Found existing installation: requests 2.28.1
    Can't uninstall 'requests'. No files were found to uninstall.
  Attempting uninstall: markdown-it-py
    Found existing installation: markdown-it-py 2.1.0
    Can't uninstall 'markdown-it-py'. No files were found to uninstall.
  Attempting uninstall: tqdm
    Found existing installation: tqdm 4.64.1
    Can't uninstall 'tqdm'. No files were found to uninstall.
  Attempting uninstall: setuptools
    Found existing installation: setuptools 59.5.0
    Can't uninstall 'setuptools'. No files were found to uninstall.
  Attempting uninstall: pytz
    Found existing installation: pytz 2019.3
  Attempting uninstall: markdown-it-py
    Found existing installation: markdown-it-py 2.1.0
    Can't uninstall 'markdown-it-py'. No files were found to uninstall.
    Uninstalling pytz-2019.3:
      Successfully uninstalled pytz-2019.3
  Attempting uninstall: tqdm
    Found existing installation: tqdm 4.64.1
    Can't uninstall 'tqdm'. No files were found to uninstall.
  Attempting uninstall: packaging
    Found existing installation: packaging 21.3
    Uninstalling packaging-21.3:
      Successfully uninstalled packaging-21.3
  Attempting uninstall: setuptools
    Found existing installation: setuptools 59.5.0
    Can't uninstall 'setuptools'. No files were found to uninstall.
  Attempting uninstall: pytz
    Found existing installation: pytz 2019.3
    Can't uninstall 'pytz'. No files were found to uninstall.
  Attempting uninstall: filelock
    Found existing installation: filelock 3.12.0
    Uninstalling filelock-3.12.0:
      Successfully uninstalled filelock-3.12.0
  Attempting uninstall: packaging
    Found existing installation: packaging 21.3
    Can't uninstall 'packaging'. No files were found to uninstall.
  Attempting uninstall: filelock
    Found existing installation: filelock 3.12.0
    Can't uninstall 'filelock'. No files were found to uninstall.
Successfully installed aliyun-python-sdk-core-2.16.0 aliyun-python-sdk-kms-2.16.5 crcmod-1.7 cryptography-45.0.4 filelock-3.14.0 jmespath-0.10.0 markdown-it-py-3.0.0 model-index-0.1.11 opendatalab-0.0.10 openmim-0.3.9 openxlab-0.1.2 ordered-set-4.1.0 oss2-2.17.0 packaging-24.2 pycryptodome-3.23.0 pytz-2023.4 requests-2.28.2 rich-13.4.2 setuptools-60.2.0 tqdm-4.65.2
  Attempting uninstall: pytz
    Found existing installation: pytz 2019.3
    Can't uninstall 'pytz'. No files were found to uninstall.
Successfully installed aliyun-python-sdk-core-2.16.0 aliyun-python-sdk-kms-2.16.5 crcmod-1.7 cryptography-45.0.4 filelock-3.14.0 jmespath-0.10.0 markdown-it-py-3.0.0 model-index-0.1.11 opendatalab-0.0.10 openmim-0.3.9 openxlab-0.1.2 ordered-set-4.1.0 oss2-2.17.0 packaging-24.2 pycryptodome-3.23.0 pytz-2023.4 requests-2.28.2 rich-13.4.2 setuptools-60.2.0 tqdm-4.65.2
  Attempting uninstall: packaging
    Found existing installation: packaging 21.3
    Can't uninstall 'packaging'. No files were found to uninstall.
  Attempting uninstall: filelock
    Found existing installation: filelock 3.12.0
    Can't uninstall 'filelock'. No files were found to uninstall.
Successfully installed aliyun-python-sdk-core-2.16.0 aliyun-python-sdk-kms-2.16.5 crcmod-1.7 cryptography-45.0.4 filelock-3.14.0 jmespath-0.10.0 markdown-it-py-3.0.0 model-index-0.1.11 opendatalab-0.0.10 openmim-0.3.9 openxlab-0.1.2 ordered-set-4.1.0 oss2-2.17.0 packaging-24.2 pycryptodome-3.23.0 pytz-2023.4 requests-2.28.2 rich-13.4.2 setuptools-60.2.0 tqdm-4.65.2
Looking in indexes: http://pypi-cache/index, https://pypi.ngc.nvidia.com
Looking in links: https://download.openmmlab.com/mmcv/dist/cu117/torch2.0.0/index.html
Looking in indexes: http://pypi-cache/index, https://pypi.ngc.nvidia.com
Looking in links: https://download.openmmlab.com/mmcv/dist/cu117/torch2.0.0/index.html
Looking in indexes: http://pypi-cache/index, https://pypi.ngc.nvidia.com
Looking in links: https://download.openmmlab.com/mmcv/dist/cu117/torch2.0.0/index.html
Collecting mmcv-full==1.6.0
  Downloading http://pypi-cache/packages/17/bd/3cf61e29f3dcc80dfad9de055b1385d70d103b47586bd4e1051f1c2d035d/mmcv-full-1.6.0.tar.gz (554 kB)
Collecting mmcv-full==1.6.0
  Downloading http://pypi-cache/packages/17/bd/3cf61e29f3dcc80dfad9de055b1385d70d103b47586bd4e1051f1c2d035d/mmcv-full-1.6.0.tar.gz (554 kB)
Collecting mmcv-full==1.6.0
  Downloading http://pypi-cache/packages/17/bd/3cf61e29f3dcc80dfad9de055b1385d70d103b47586bd4e1051f1c2d035d/mmcv-full-1.6.0.tar.gz (554 kB)
Collecting addict
  Downloading http://pypi-cache/packages/6a/00/b08f23b7d7e1e14ce01419a467b583edbb93c6cdb8654e54a9cc579cd61f/addict-2.4.0-py3-none-any.whl (3.8 kB)
Requirement already satisfied: numpy in /usr/local/lib/python3.8/dist-packages (from mmcv-full==1.6.0) (1.16.5)
Requirement already satisfied: packaging in /usr/local/lib/python3.8/dist-packages (from mmcv-full==1.6.0) (24.2)
Requirement already satisfied: Pillow in /usr/local/lib/python3.8/dist-packages (from mmcv-full==1.6.0) (9.0.1)
Requirement already satisfied: pyyaml in /usr/local/lib/python3.8/dist-packages (from mmcv-full==1.6.0) (6.0)
Collecting addict
  Downloading http://pypi-cache/packages/6a/00/b08f23b7d7e1e14ce01419a467b583edbb93c6cdb8654e54a9cc579cd61f/addict-2.4.0-py3-none-any.whl (3.8 kB)
Requirement already satisfied: numpy in /usr/local/lib/python3.8/dist-packages (from mmcv-full==1.6.0) (1.16.5)
Requirement already satisfied: packaging in /usr/local/lib/python3.8/dist-packages (from mmcv-full==1.6.0) (24.2)
Requirement already satisfied: Pillow in /usr/local/lib/python3.8/dist-packages (from mmcv-full==1.6.0) (9.0.1)
Requirement already satisfied: pyyaml in /usr/local/lib/python3.8/dist-packages (from mmcv-full==1.6.0) (6.0)
Collecting addict
  Downloading http://pypi-cache/packages/6a/00/b08f23b7d7e1e14ce01419a467b583edbb93c6cdb8654e54a9cc579cd61f/addict-2.4.0-py3-none-any.whl (3.8 kB)
Requirement already satisfied: numpy in /usr/local/lib/python3.8/dist-packages (from mmcv-full==1.6.0) (1.16.5)
Requirement already satisfied: packaging in /usr/local/lib/python3.8/dist-packages (from mmcv-full==1.6.0) (24.2)
Requirement already satisfied: Pillow in /usr/local/lib/python3.8/dist-packages (from mmcv-full==1.6.0) (9.0.1)
Requirement already satisfied: pyyaml in /usr/local/lib/python3.8/dist-packages (from mmcv-full==1.6.0) (6.0)
Collecting yapf
  Downloading http://pypi-cache/packages/37/81/6acd6601f61e31cfb8729d3da6d5df966f80f374b78eff83760714487338/yapf-0.43.0-py3-none-any.whl (256 kB)
Collecting yapf
  Downloading http://pypi-cache/packages/37/81/6acd6601f61e31cfb8729d3da6d5df966f80f374b78eff83760714487338/yapf-0.43.0-py3-none-any.whl (256 kB)
Collecting yapf
  Downloading http://pypi-cache/packages/37/81/6acd6601f61e31cfb8729d3da6d5df966f80f374b78eff83760714487338/yapf-0.43.0-py3-none-any.whl (256 kB)
Collecting opencv-python>=3
  Downloading http://pypi-cache/packages/2c/8b/90eb44a40476fa0e71e05a0283947cfd74a5d36121a11d926ad6f3193cc4/opencv_python-4.11.0.86-cp37-abi3-manylinux_2_17_x86_64.manylinux2014_x86_64.whl (63.0 MB)
Collecting opencv-python>=3
  Downloading http://pypi-cache/packages/2c/8b/90eb44a40476fa0e71e05a0283947cfd74a5d36121a11d926ad6f3193cc4/opencv_python-4.11.0.86-cp37-abi3-manylinux_2_17_x86_64.manylinux2014_x86_64.whl (63.0 MB)
Collecting opencv-python>=3
  Downloading http://pypi-cache/packages/2c/8b/90eb44a40476fa0e71e05a0283947cfd74a5d36121a11d926ad6f3193cc4/opencv_python-4.11.0.86-cp37-abi3-manylinux_2_17_x86_64.manylinux2014_x86_64.whl (63.0 MB)
Collecting numpy
  Downloading http://pypi-cache/packages/98/5d/5738903efe0ecb73e51eb44feafba32bdba2081263d40c5043568ff60faf/numpy-1.24.4-cp38-cp38-manylinux_2_17_x86_64.manylinux2014_x86_64.whl (17.3 MB)
Collecting numpy
  Downloading http://pypi-cache/packages/98/5d/5738903efe0ecb73e51eb44feafba32bdba2081263d40c5043568ff60faf/numpy-1.24.4-cp38-cp38-manylinux_2_17_x86_64.manylinux2014_x86_64.whl (17.3 MB)
Collecting numpy
  Downloading http://pypi-cache/packages/98/5d/5738903efe0ecb73e51eb44feafba32bdba2081263d40c5043568ff60faf/numpy-1.24.4-cp38-cp38-manylinux_2_17_x86_64.manylinux2014_x86_64.whl (17.3 MB)
Collecting platformdirs>=3.5.1
  Downloading http://pypi-cache/packages/3c/a6/bc1012356d8ece4d66dd75c4b9fc6c1f6650ddd5991e421177d9f8f671be/platformdirs-4.3.6-py3-none-any.whl (18 kB)
Requirement already satisfied: tomli>=2.0.1 in /usr/local/lib/python3.8/dist-packages (from yapf->mmcv-full==1.6.0) (2.0.1)
Building wheels for collected packages: mmcv-full
  Building wheel for mmcv-full (setup.py): started
Collecting platformdirs>=3.5.1
  Downloading http://pypi-cache/packages/3c/a6/bc1012356d8ece4d66dd75c4b9fc6c1f6650ddd5991e421177d9f8f671be/platformdirs-4.3.6-py3-none-any.whl (18 kB)
Requirement already satisfied: tomli>=2.0.1 in /usr/local/lib/python3.8/dist-packages (from yapf->mmcv-full==1.6.0) (2.0.1)
Building wheels for collected packages: mmcv-full
  Building wheel for mmcv-full (setup.py): started
Collecting platformdirs>=3.5.1
  Downloading http://pypi-cache/packages/3c/a6/bc1012356d8ece4d66dd75c4b9fc6c1f6650ddd5991e421177d9f8f671be/platformdirs-4.3.6-py3-none-any.whl (18 kB)
Requirement already satisfied: tomli>=2.0.1 in /usr/local/lib/python3.8/dist-packages (from yapf->mmcv-full==1.6.0) (2.0.1)
Building wheels for collected packages: mmcv-full
  Building wheel for mmcv-full (setup.py): started
  Building wheel for mmcv-full (setup.py): still running...
  Building wheel for mmcv-full (setup.py): still running...
  Building wheel for mmcv-full (setup.py): still running...
  Building wheel for mmcv-full (setup.py): still running...
  Building wheel for mmcv-full (setup.py): still running...
  Building wheel for mmcv-full (setup.py): finished with status 'done'
  Created wheel for mmcv-full: filename=mmcv_full-1.6.0-cp38-cp38-linux_x86_64.whl size=28131642 sha256=5b0281d378defef0e3f59bfb4e3fb51751df61b2672c1463910f670a6934ee92
  Stored in directory: /tmp/pip-ephem-wheel-cache-dnks62su/wheels/d5/8c/65/001f9a2318c13bd21fd43b627b0b244f73ffa274fba34aaa71
Successfully built mmcv-full
Installing collected packages: platformdirs, numpy, yapf, opencv-python, addict, mmcv-full
  Attempting uninstall: platformdirs
    Found existing installation: platformdirs 2.5.4
    Uninstalling platformdirs-2.5.4:
      Successfully uninstalled platformdirs-2.5.4
  Building wheel for mmcv-full (setup.py): still running...
  Attempting uninstall: numpy
    Found existing installation: numpy 1.16.5
    Uninstalling numpy-1.16.5:
      Successfully uninstalled numpy-1.16.5
  Building wheel for mmcv-full (setup.py): finished with status 'done'
  Created wheel for mmcv-full: filename=mmcv_full-1.6.0-cp38-cp38-linux_x86_64.whl size=28130908 sha256=c6faa4681221391e971da59645f9b4905d7ac0d8ecd4169830d9ad35c577e60b
  Stored in directory: /tmp/pip-ephem-wheel-cache-ql7eg6qg/wheels/d5/8c/65/001f9a2318c13bd21fd43b627b0b244f73ffa274fba34aaa71
Successfully built mmcv-full
Successfully installed addict-2.4.0 mmcv-full-1.6.0 numpy-1.24.4 opencv-python-4.11.0.86 platformdirs-4.3.6 yapf-0.43.0
Installing collected packages: platformdirs, numpy, yapf, opencv-python, addict, mmcv-full
  Attempting uninstall: platformdirs
    Found existing installation: platformdirs 2.5.4
    Can't uninstall 'platformdirs'. No files were found to uninstall.
  Attempting uninstall: numpy
    Found existing installation: numpy 1.16.5
    Can't uninstall 'numpy'. No files were found to uninstall.
  Building wheel for mmcv-full (setup.py): finished with status 'done'
  Created wheel for mmcv-full: filename=mmcv_full-1.6.0-cp38-cp38-linux_x86_64.whl size=28132167 sha256=295bfdb1688d92fb9aa47d8abec75411391a4b089761bfa509567100ed45aa0c
  Stored in directory: /tmp/pip-ephem-wheel-cache-ob0qslsh/wheels/d5/8c/65/001f9a2318c13bd21fd43b627b0b244f73ffa274fba34aaa71
Successfully built mmcv-full
Installing collected packages: platformdirs, numpy, yapf, opencv-python, addict, mmcv-full
  Attempting uninstall: platformdirs
    Found existing installation: platformdirs 2.5.4
    Can't uninstall 'platformdirs'. No files were found to uninstall.
  Attempting uninstall: numpy
    Found existing installation: numpy 1.16.5
    Can't uninstall 'numpy'. No files were found to uninstall.
Successfully installed addict-2.4.0 mmcv-full-1.6.0 numpy-1.24.4 opencv-python-4.11.0.86 platformdirs-4.3.6 yapf-0.43.0
Successfully installed addict-2.4.0 mmcv-full-1.6.0 numpy-1.24.4 opencv-python-4.11.0.86 platformdirs-4.3.6 yapf-0.43.0
